     1                                  SECTION .data
     2 00000000 D09FD0BED0BBD0B4D0-         text:	DB 'Полдень прошел? Y/N',10
     3 00000009 B5D0BDD18C20D0BFD1-
     4 00000012 80D0BED188D0B5D0BB-
     5 0000001B 3F20592F4E0A       
     6                                      textLen	EQU $-text
     7 00000021 D094D0BED0B1D180D0-         utro:	DB 'Доброе утро!',10
     8 0000002A BED0B520D183D182D1-
     9 00000033 80D0BE210A         
    10                                      utroLen	EQU $-utro
    11 00000038 D094D0BED0B1D180D1-         den:	DB 'Добрый день!',10
    12 00000041 8BD0B920D0B4D0B5D0-
    13 0000004A BDD18C210A         
    14                                      denLen	EQU $-den
    15                                  
    16                                  SECTION .bss
    17 00000000 <res 00000050>              input:	RESB 80
    18                                  
    19                                  SECTION .text
    20                                      GLOBAL _start
    21                                  
    22                                  _start:
    23 00000000 B804000000                  mov eax,4
    24 00000005 BB01000000                  mov ebx,1
    25 0000000A B9[00000000]                mov ecx,text
    26 0000000F BA21000000                  mov edx,textLen
    27 00000014 CD80                        int 80h
    28                                  
    29 00000016 B803000000                  mov eax,3
    30 0000001B BB00000000                  mov ebx,0
    31 00000020 B9[00000000]                mov ecx,input
    32 00000025 BA50000000                  mov edx,80
    33 0000002A CD80                        int 80h
    34                                  
    35 0000002C 803D[00000000]59            cmp byte[input],'Y'
    36 00000033 7423                        je dden
    37 00000035 803D[00000000]4E            cmp byte[input],'N'
    38 0000003C 7402                        je utr
    39 0000003E EBC0                        jmp _start
    40                                  
    41                                  utr:
    42 00000040 B804000000                  mov eax,4
    43 00000045 BB01000000                  mov ebx,1
    44 0000004A B9[21000000]                mov ecx,utro
    45 0000004F BA17000000                  mov edx,utroLen
    46 00000054 CD80                        int 80h
    47 00000056 EB18                        jmp end
    48                                  
    49                                  dden:
    50 00000058 B804000000                  mov eax,4
    51 0000005D BB01000000                  mov ebx,1
    52 00000062 B9[38000000]                mov ecx,den
    53 00000067 BA17000000                  mov edx,denLen
    54 0000006C CD80                        int 80h
    55 0000006E EB00                        jmp end
    56                                  
    57                                  end:
    58 00000070 B801000000                  mov eax,1
    59 00000075 BB00000000                  mov ebx,0
    60 0000007A CD80                        int 80h
